0    [main] INFO  eclipse.emf.mwe.core.WorkflowEngine  - --------------------------------------------------------------------------------------
1    [main] INFO  eclipse.emf.mwe.core.WorkflowEngine  - EMF Modeling Workflow Engine 1.2.1, Build v201306110341
1    [main] INFO  eclipse.emf.mwe.core.WorkflowEngine  - (c) 2005-2009 openarchitectureware.org and contributors
1    [main] INFO  eclipse.emf.mwe.core.WorkflowEngine  - --------------------------------------------------------------------------------------
1    [main] INFO  eclipse.emf.mwe.core.WorkflowEngine  - running workflow: D:/Grado/DSS/Grupo/GestionVeterinaria/templates/workflow/generator.mwe
1    [main] INFO  eclipse.emf.mwe.core.WorkflowEngine  - 
291  [main] INFO  lipse.emf.mwe.utils.StandaloneSetup  - Registering platform uri 'D:\Grado\DSS\Grupo'
326  [main] INFO  lipse.emf.mwe.utils.StandaloneSetup  - Adding generated EPackage 'es.ua.dlsi.ooh.conceptualView.ConceptualViewPackage'
386  [main] INFO  lipse.emf.mwe.utils.StandaloneSetup  - Adding generated EPackage 'org.eclipse.gmf.runtime.notation.NotationPackage'
482  [main] INFO  e.core.container.CompositeComponent  - Workflow: executing workflow workflow::nhibernate::generator.mwe in D:/Grado/DSS/Grupo/GestionVeterinaria/templates/workflow/generator.mwe:10
482  [main] INFO  e.core.container.CompositeComponent  - XmiReader: file 'models/default.domainModel' => slot 'es_ua_dlsi_ooh_conceptual_model'
634  [main] INFO  e.core.container.CompositeComponent  - CheckComponent: slot es_ua_dlsi_ooh_conceptual_model check file(s): metamodel::Checks 
1003 [main] INFO  e.core.container.CompositeComponent  - Generator(nhibernate.generator): generating 'workflow::nhibernate::workflow::main FOR true' => [../GestionVeterinariaGen, CONFIGURATION:../GestionVeterinariaGen(overwrite=false,append=false,fileEncoding=utf-8)]
configuroConf:C:\Users\Godric\AppData\Local\Temp\OOH4RIA8669359293036974765.cfg
enc:utf-8
1100 [main] INFO  and2.pr.ProtectedRegionResolverImpl  - Source scan started ...
1132 [main] INFO  and2.pr.ProtectedRegionResolverImpl  - Source scan finished in 0.032s
1132 [main] INFO  and2.pr.ProtectedRegionResolverImpl  - Files scanned: 84
1132 [main] INFO  and2.pr.ProtectedRegionResolverImpl  - Regions found: 4
enc:utf-8
enc:utf-8
enc:utf-8
enc:utf-8
enc:utf-8
enc:utf-8
enc:utf-8
enc:utf-8
enc:utf-8
enc:utf-8
enc:utf-8
enc:utf-8
enc:utf-8
enc:utf-8
enc:utf-8
enc:utf-8
enc:utf-8
enc:utf-8
enc:utf-8
enc:utf-8
enc:utf-8
enc:utf-8
enc:utf-8
enc:utf-8
enc:utf-8
enc:utf-8
enc:utf-8
enc:utf-8
enc:utf-8
enc:utf-8
enc:utf-8
enc:utf-8
enc:utf-8
enc:utf-8
enc:utf-8
enc:utf-8
enc:utf-8
enc:utf-8
enc:utf-8
enc:utf-8
enc:utf-8
enc:utf-8
enc:utf-8
enc:utf-8
enc:utf-8
enc:utf-8
enc:utf-8
enc:utf-8
enc:utf-8
enc:utf-8
enc:utf-8
enc:utf-8
enc:utf-8
enc:utf-8
enc:utf-8
enc:utf-8
enc:utf-8
enc:utf-8
enc:utf-8
enc:utf-8
enc:utf-8
enc:utf-8
enc:utf-8
enc:utf-8
enc:utf-8
enc:utf-8
2761 [main] INFO         org.eclipse.xpand2.Generator  - Written 5 files to outlet [default](../GestionVeterinariaGen)
2761 [main] INFO         org.eclipse.xpand2.Generator  - Skipped writing of 85 files to outlet [default](../GestionVeterinariaGen)
2761 [main] INFO  e.core.container.CompositeComponent  - es.ua.dlsi.ooh.persistence.nhibernate.generator.workflowComponents.CreateSolution
2769 [main] INFO  e.core.container.CompositeComponent  - es.ua.dlsi.ooh.persistence.nhibernate.generator.workflowComponents.UpdateSolution
2779 [main] INFO  e.core.container.CompositeComponent  - es.ua.dlsi.ooh.persistence.nhibernate.generator.workflowComponents.CopyDLLs
../GestionVeterinariaGen\GestionVeterinariaGenNHibernate\AppLib\Antlr3.Runtime.dll
../GestionVeterinariaGen\GestionVeterinariaGenNHibernate\AppLib\Castle.DynamicProxy2.dll
../GestionVeterinariaGen\GestionVeterinariaGenNHibernate\AppLib\Iesi.Collections.dll
../GestionVeterinariaGen\GestionVeterinariaGenNHibernate\AppLib\LinFu.DynamicProxy.dll
../GestionVeterinariaGen\GestionVeterinariaGenNHibernate\AppLib\log4net.dll
../GestionVeterinariaGen\GestionVeterinariaGenNHibernate\AppLib\NHibernate.ByteCode.Castle.dll
../GestionVeterinariaGen\GestionVeterinariaGenNHibernate\AppLib\NHibernate.ByteCode.LinFu.dll
../GestionVeterinariaGen\GestionVeterinariaGenNHibernate\AppLib\NHibernate.dll
../GestionVeterinariaGen\GestionVeterinariaGenNHibernate\AppLib\nunit.core.dll
../GestionVeterinariaGen\GestionVeterinariaGenNHibernate\AppLib\nunit.framework.dll
2781 [main] INFO  eclipse.emf.mwe.core.WorkflowEngine  - workflow completed in 2300ms!
0    [main] INFO  eclipse.emf.mwe.core.WorkflowEngine  - --------------------------------------------------------------------------------------
4    [main] INFO  eclipse.emf.mwe.core.WorkflowEngine  - EMF Modeling Workflow Engine 1.2.1, Build v201306110341
4    [main] INFO  eclipse.emf.mwe.core.WorkflowEngine  - (c) 2005-2009 openarchitectureware.org and contributors
4    [main] INFO  eclipse.emf.mwe.core.WorkflowEngine  - --------------------------------------------------------------------------------------
4    [main] INFO  eclipse.emf.mwe.core.WorkflowEngine  - running workflow: C:/Users/admin/Desktop/GestionVeterinaria/templates/workflow/generator.mwe
4    [main] INFO  eclipse.emf.mwe.core.WorkflowEngine  - 
775  [main] INFO  lipse.emf.mwe.utils.StandaloneSetup  - Registering platform uri 'C:\Users\admin\Desktop'
8695 [main] INFO  lipse.emf.mwe.utils.StandaloneSetup  - Adding generated EPackage 'es.ua.dlsi.ooh.conceptualView.ConceptualViewPackage'
8816 [main] INFO  lipse.emf.mwe.utils.StandaloneSetup  - Adding generated EPackage 'org.eclipse.gmf.runtime.notation.NotationPackage'
9054 [main] INFO  e.core.container.CompositeComponent  - Workflow: executing workflow workflow::nhibernate::generator.mwe in C:/Users/admin/Desktop/GestionVeterinaria/templates/workflow/generator.mwe:10
9055 [main] INFO  e.core.container.CompositeComponent  - XmiReader: file 'models/default.domainModel' => slot 'es_ua_dlsi_ooh_conceptual_model'
9468 [main] INFO  e.core.container.CompositeComponent  - CheckComponent: slot es_ua_dlsi_ooh_conceptual_model check file(s): metamodel::Checks 
10450 [main] INFO  e.core.container.CompositeComponent  - Generator(nhibernate.generator): generating 'workflow::nhibernate::workflow::main FOR true' => [../GestionVeterinariaGen, CONFIGURATION:../GestionVeterinariaGen(overwrite=false,append=false,fileEncoding=utf-8)]
configuroConf:C:\Users\admin\AppData\Local\Temp\OOH4RIA4888487356970212207.cfg
enc:utf-8
10787 [main] INFO  and2.pr.ProtectedRegionResolverImpl  - Source scan started ...
10894 [main] INFO  and2.pr.ProtectedRegionResolverImpl  - Source scan finished in 0.104s
10894 [main] INFO  and2.pr.ProtectedRegionResolverImpl  - Files scanned: 84
10894 [main] INFO  and2.pr.ProtectedRegionResolverImpl  - Regions found: 4
enc:utf-8
enc:utf-8
enc:utf-8
enc:utf-8
enc:utf-8
enc:utf-8
enc:utf-8
enc:utf-8
enc:utf-8
enc:utf-8
enc:utf-8
enc:utf-8
enc:utf-8
enc:utf-8
enc:utf-8
enc:utf-8
enc:utf-8
enc:utf-8
enc:utf-8
enc:utf-8
enc:utf-8
enc:utf-8
enc:utf-8
enc:utf-8
enc:utf-8
enc:utf-8
enc:utf-8
enc:utf-8
enc:utf-8
enc:utf-8
enc:utf-8
enc:utf-8
enc:utf-8
enc:utf-8
enc:utf-8
enc:utf-8
enc:utf-8
enc:utf-8
enc:utf-8
enc:utf-8
enc:utf-8
enc:utf-8
enc:utf-8
enc:utf-8
enc:utf-8
enc:utf-8
enc:utf-8
enc:utf-8
enc:utf-8
enc:utf-8
enc:utf-8
enc:utf-8
enc:utf-8
enc:utf-8
enc:utf-8
enc:utf-8
enc:utf-8
enc:utf-8
enc:utf-8
enc:utf-8
enc:utf-8
enc:utf-8
enc:utf-8
enc:utf-8
enc:utf-8
enc:utf-8
18387 [main] INFO         org.eclipse.xpand2.Generator  - Written 36 files to outlet [default](../GestionVeterinariaGen)
18387 [main] INFO         org.eclipse.xpand2.Generator  - Skipped writing of 54 files to outlet [default](../GestionVeterinariaGen)
18387 [main] INFO  e.core.container.CompositeComponent  - es.ua.dlsi.ooh.persistence.nhibernate.generator.workflowComponents.CreateSolution
18418 [main] INFO  e.core.container.CompositeComponent  - es.ua.dlsi.ooh.persistence.nhibernate.generator.workflowComponents.UpdateSolution
18450 [main] INFO  e.core.container.CompositeComponent  - es.ua.dlsi.ooh.persistence.nhibernate.generator.workflowComponents.CopyDLLs
../GestionVeterinariaGen\GestionVeterinariaGenNHibernate\AppLib\Antlr3.Runtime.dll
../GestionVeterinariaGen\GestionVeterinariaGenNHibernate\AppLib\Castle.DynamicProxy2.dll
../GestionVeterinariaGen\GestionVeterinariaGenNHibernate\AppLib\Iesi.Collections.dll
../GestionVeterinariaGen\GestionVeterinariaGenNHibernate\AppLib\LinFu.DynamicProxy.dll
../GestionVeterinariaGen\GestionVeterinariaGenNHibernate\AppLib\log4net.dll
../GestionVeterinariaGen\GestionVeterinariaGenNHibernate\AppLib\NHibernate.ByteCode.Castle.dll
../GestionVeterinariaGen\GestionVeterinariaGenNHibernate\AppLib\NHibernate.ByteCode.LinFu.dll
../GestionVeterinariaGen\GestionVeterinariaGenNHibernate\AppLib\NHibernate.dll
../GestionVeterinariaGen\GestionVeterinariaGenNHibernate\AppLib\nunit.core.dll
../GestionVeterinariaGen\GestionVeterinariaGenNHibernate\AppLib\nunit.framework.dll
18458 [main] INFO  eclipse.emf.mwe.core.WorkflowEngine  - workflow completed in 9405ms!
1    [main] INFO  eclipse.emf.mwe.core.WorkflowEngine  - --------------------------------------------------------------------------------------
6    [main] INFO  eclipse.emf.mwe.core.WorkflowEngine  - EMF Modeling Workflow Engine 1.2.1, Build v201306110341
6    [main] INFO  eclipse.emf.mwe.core.WorkflowEngine  - (c) 2005-2009 openarchitectureware.org and contributors
6    [main] INFO  eclipse.emf.mwe.core.WorkflowEngine  - --------------------------------------------------------------------------------------
7    [main] INFO  eclipse.emf.mwe.core.WorkflowEngine  - running workflow: C:/Users/admin/Desktop/GestionVeterinaria/templates/workflow/generator.mwe
7    [main] INFO  eclipse.emf.mwe.core.WorkflowEngine  - 
1374 [main] INFO  lipse.emf.mwe.utils.StandaloneSetup  - Registering platform uri 'C:\Users\admin\Desktop'
5235 [main] INFO  lipse.emf.mwe.utils.StandaloneSetup  - Adding generated EPackage 'es.ua.dlsi.ooh.conceptualView.ConceptualViewPackage'
5352 [main] INFO  lipse.emf.mwe.utils.StandaloneSetup  - Adding generated EPackage 'org.eclipse.gmf.runtime.notation.NotationPackage'
5653 [main] INFO  e.core.container.CompositeComponent  - Workflow: executing workflow workflow::nhibernate::generator.mwe in C:/Users/admin/Desktop/GestionVeterinaria/templates/workflow/generator.mwe:10
5653 [main] INFO  e.core.container.CompositeComponent  - XmiReader: file 'models/default.domainModel' => slot 'es_ua_dlsi_ooh_conceptual_model'
6047 [main] INFO  e.core.container.CompositeComponent  - CheckComponent: slot es_ua_dlsi_ooh_conceptual_model check file(s): metamodel::Checks 
7010 [main] INFO  e.core.container.CompositeComponent  - Generator(nhibernate.generator): generating 'workflow::nhibernate::workflow::main FOR true' => [../GestionVeterinariaGen, CONFIGURATION:../GestionVeterinariaGen(overwrite=false,append=false,fileEncoding=utf-8)]
configuroConf:C:\Users\admin\AppData\Local\Temp\OOH4RIA7312458941914778990.cfg
enc:utf-8
7415 [main] INFO  and2.pr.ProtectedRegionResolverImpl  - Source scan started ...
7556 [main] INFO  and2.pr.ProtectedRegionResolverImpl  - Source scan finished in 0.141s
7557 [main] INFO  and2.pr.ProtectedRegionResolverImpl  - Files scanned: 84
7558 [main] INFO  and2.pr.ProtectedRegionResolverImpl  - Regions found: 4
enc:utf-8
enc:utf-8
enc:utf-8
enc:utf-8
enc:utf-8
enc:utf-8
enc:utf-8
enc:utf-8
enc:utf-8
enc:utf-8
enc:utf-8
enc:utf-8
enc:utf-8
enc:utf-8
enc:utf-8
enc:utf-8
enc:utf-8
enc:utf-8
enc:utf-8
enc:utf-8
enc:utf-8
enc:utf-8
enc:utf-8
enc:utf-8
enc:utf-8
enc:utf-8
enc:utf-8
enc:utf-8
enc:utf-8
enc:utf-8
enc:utf-8
enc:utf-8
enc:utf-8
enc:utf-8
enc:utf-8
enc:utf-8
enc:utf-8
enc:utf-8
enc:utf-8
enc:utf-8
enc:utf-8
enc:utf-8
enc:utf-8
enc:utf-8
enc:utf-8
enc:utf-8
enc:utf-8
enc:utf-8
enc:utf-8
enc:utf-8
enc:utf-8
enc:utf-8
enc:utf-8
enc:utf-8
enc:utf-8
enc:utf-8
enc:utf-8
enc:utf-8
enc:utf-8
enc:utf-8
enc:utf-8
enc:utf-8
enc:utf-8
enc:utf-8
enc:utf-8
enc:utf-8
enc:utf-8
15410 [main] INFO         org.eclipse.xpand2.Generator  - Written 4 files to outlet [default](../GestionVeterinariaGen)
15410 [main] INFO         org.eclipse.xpand2.Generator  - Skipped writing of 87 files to outlet [default](../GestionVeterinariaGen)
15410 [main] INFO  e.core.container.CompositeComponent  - es.ua.dlsi.ooh.persistence.nhibernate.generator.workflowComponents.CreateSolution
15444 [main] INFO  e.core.container.CompositeComponent  - es.ua.dlsi.ooh.persistence.nhibernate.generator.workflowComponents.UpdateSolution
15491 [main] INFO  e.core.container.CompositeComponent  - es.ua.dlsi.ooh.persistence.nhibernate.generator.workflowComponents.CopyDLLs
../GestionVeterinariaGen\GestionVeterinariaGenNHibernate\AppLib\Antlr3.Runtime.dll
../GestionVeterinariaGen\GestionVeterinariaGenNHibernate\AppLib\Castle.DynamicProxy2.dll
../GestionVeterinariaGen\GestionVeterinariaGenNHibernate\AppLib\Iesi.Collections.dll
../GestionVeterinariaGen\GestionVeterinariaGenNHibernate\AppLib\LinFu.DynamicProxy.dll
../GestionVeterinariaGen\GestionVeterinariaGenNHibernate\AppLib\log4net.dll
../GestionVeterinariaGen\GestionVeterinariaGenNHibernate\AppLib\NHibernate.ByteCode.Castle.dll
../GestionVeterinariaGen\GestionVeterinariaGenNHibernate\AppLib\NHibernate.ByteCode.LinFu.dll
../GestionVeterinariaGen\GestionVeterinariaGenNHibernate\AppLib\NHibernate.dll
../GestionVeterinariaGen\GestionVeterinariaGenNHibernate\AppLib\nunit.core.dll
../GestionVeterinariaGen\GestionVeterinariaGenNHibernate\AppLib\nunit.framework.dll
15497 [main] INFO  eclipse.emf.mwe.core.WorkflowEngine  - workflow completed in 9846ms!
1    [main] INFO  eclipse.emf.mwe.core.WorkflowEngine  - --------------------------------------------------------------------------------------
5    [main] INFO  eclipse.emf.mwe.core.WorkflowEngine  - EMF Modeling Workflow Engine 1.2.1, Build v201306110341
5    [main] INFO  eclipse.emf.mwe.core.WorkflowEngine  - (c) 2005-2009 openarchitectureware.org and contributors
5    [main] INFO  eclipse.emf.mwe.core.WorkflowEngine  - --------------------------------------------------------------------------------------
5    [main] INFO  eclipse.emf.mwe.core.WorkflowEngine  - running workflow: C:/Users/admin/Desktop/GestionVeterinaria/templates/workflow/generator.mwe
5    [main] INFO  eclipse.emf.mwe.core.WorkflowEngine  - 
768  [main] INFO  lipse.emf.mwe.utils.StandaloneSetup  - Registering platform uri 'C:\Users\admin\Desktop'
4864 [main] INFO  lipse.emf.mwe.utils.StandaloneSetup  - Adding generated EPackage 'es.ua.dlsi.ooh.conceptualView.ConceptualViewPackage'
5000 [main] INFO  lipse.emf.mwe.utils.StandaloneSetup  - Adding generated EPackage 'org.eclipse.gmf.runtime.notation.NotationPackage'
5271 [main] INFO  e.core.container.CompositeComponent  - Workflow: executing workflow workflow::nhibernate::generator.mwe in C:/Users/admin/Desktop/GestionVeterinaria/templates/workflow/generator.mwe:10
5272 [main] INFO  e.core.container.CompositeComponent  - XmiReader: file 'models/default.domainModel' => slot 'es_ua_dlsi_ooh_conceptual_model'
5721 [main] INFO  e.core.container.CompositeComponent  - CheckComponent: slot es_ua_dlsi_ooh_conceptual_model check file(s): metamodel::Checks 
6654 [main] INFO  e.core.container.CompositeComponent  - Generator(nhibernate.generator): generating 'workflow::nhibernate::workflow::main FOR true' => [../GestionVeterinariaGen, CONFIGURATION:../GestionVeterinariaGen(overwrite=false,append=false,fileEncoding=utf-8)]
configuroConf:C:\Users\admin\AppData\Local\Temp\OOH4RIA1808681784187396279.cfg
enc:utf-8
7035 [main] INFO  and2.pr.ProtectedRegionResolverImpl  - Source scan started ...
7150 [main] INFO  and2.pr.ProtectedRegionResolverImpl  - Source scan finished in 0.113s
7152 [main] INFO  and2.pr.ProtectedRegionResolverImpl  - Files scanned: 85
7153 [main] INFO  and2.pr.ProtectedRegionResolverImpl  - Regions found: 5
enc:utf-8
enc:utf-8
enc:utf-8
enc:utf-8
enc:utf-8
enc:utf-8
enc:utf-8
enc:utf-8
enc:utf-8
enc:utf-8
enc:utf-8
enc:utf-8
enc:utf-8
enc:utf-8
enc:utf-8
enc:utf-8
enc:utf-8
enc:utf-8
enc:utf-8
enc:utf-8
enc:utf-8
enc:utf-8
enc:utf-8
enc:utf-8
enc:utf-8
enc:utf-8
enc:utf-8
enc:utf-8
enc:utf-8
enc:utf-8
enc:utf-8
enc:utf-8
enc:utf-8
enc:utf-8
enc:utf-8
enc:utf-8
enc:utf-8
enc:utf-8
enc:utf-8
enc:utf-8
enc:utf-8
enc:utf-8
enc:utf-8
enc:utf-8
enc:utf-8
enc:utf-8
enc:utf-8
enc:utf-8
enc:utf-8
enc:utf-8
enc:utf-8
enc:utf-8
enc:utf-8
enc:utf-8
enc:utf-8
enc:utf-8
enc:utf-8
enc:utf-8
enc:utf-8
enc:utf-8
enc:utf-8
enc:utf-8
enc:utf-8
enc:utf-8
enc:utf-8
enc:utf-8
enc:utf-8
14673 [main] INFO         org.eclipse.xpand2.Generator  - Skipped writing of 91 files to outlet [default](../GestionVeterinariaGen)
14674 [main] INFO  e.core.container.CompositeComponent  - es.ua.dlsi.ooh.persistence.nhibernate.generator.workflowComponents.CreateSolution
14708 [main] INFO  e.core.container.CompositeComponent  - es.ua.dlsi.ooh.persistence.nhibernate.generator.workflowComponents.UpdateSolution
14731 [main] INFO  e.core.container.CompositeComponent  - es.ua.dlsi.ooh.persistence.nhibernate.generator.workflowComponents.CopyDLLs
../GestionVeterinariaGen\GestionVeterinariaGenNHibernate\AppLib\Antlr3.Runtime.dll
../GestionVeterinariaGen\GestionVeterinariaGenNHibernate\AppLib\Castle.DynamicProxy2.dll
../GestionVeterinariaGen\GestionVeterinariaGenNHibernate\AppLib\Iesi.Collections.dll
../GestionVeterinariaGen\GestionVeterinariaGenNHibernate\AppLib\LinFu.DynamicProxy.dll
../GestionVeterinariaGen\GestionVeterinariaGenNHibernate\AppLib\log4net.dll
../GestionVeterinariaGen\GestionVeterinariaGenNHibernate\AppLib\NHibernate.ByteCode.Castle.dll
../GestionVeterinariaGen\GestionVeterinariaGenNHibernate\AppLib\NHibernate.ByteCode.LinFu.dll
../GestionVeterinariaGen\GestionVeterinariaGenNHibernate\AppLib\NHibernate.dll
../GestionVeterinariaGen\GestionVeterinariaGenNHibernate\AppLib\nunit.core.dll
../GestionVeterinariaGen\GestionVeterinariaGenNHibernate\AppLib\nunit.framework.dll
14741 [main] INFO  eclipse.emf.mwe.core.WorkflowEngine  - workflow completed in 9471ms!
0    [main] INFO  eclipse.emf.mwe.core.WorkflowEngine  - --------------------------------------------------------------------------------------
9    [main] INFO  eclipse.emf.mwe.core.WorkflowEngine  - EMF Modeling Workflow Engine 1.2.1, Build v201306110341
9    [main] INFO  eclipse.emf.mwe.core.WorkflowEngine  - (c) 2005-2009 openarchitectureware.org and contributors
9    [main] INFO  eclipse.emf.mwe.core.WorkflowEngine  - --------------------------------------------------------------------------------------
10   [main] INFO  eclipse.emf.mwe.core.WorkflowEngine  - running workflow: C:/Users/admin/Desktop/GestionVeterinaria/templates/workflow/generator.mwe
10   [main] INFO  eclipse.emf.mwe.core.WorkflowEngine  - 
966  [main] INFO  lipse.emf.mwe.utils.StandaloneSetup  - Registering platform uri 'C:\Users\admin\Desktop'
11082 [main] INFO  lipse.emf.mwe.utils.StandaloneSetup  - Adding generated EPackage 'es.ua.dlsi.ooh.conceptualView.ConceptualViewPackage'
11213 [main] INFO  lipse.emf.mwe.utils.StandaloneSetup  - Adding generated EPackage 'org.eclipse.gmf.runtime.notation.NotationPackage'
11466 [main] INFO  e.core.container.CompositeComponent  - Workflow: executing workflow workflow::nhibernate::generator.mwe in C:/Users/admin/Desktop/GestionVeterinaria/templates/workflow/generator.mwe:10
11467 [main] INFO  e.core.container.CompositeComponent  - XmiReader: file 'models/default.domainModel' => slot 'es_ua_dlsi_ooh_conceptual_model'
11859 [main] INFO  e.core.container.CompositeComponent  - CheckComponent: slot es_ua_dlsi_ooh_conceptual_model check file(s): metamodel::Checks 
12851 [main] INFO  e.core.container.CompositeComponent  - Generator(nhibernate.generator): generating 'workflow::nhibernate::workflow::main FOR true' => [../GestionVeterinariaGen, CONFIGURATION:../GestionVeterinariaGen(overwrite=false,append=false,fileEncoding=utf-8)]
configuroConf:C:\Users\admin\AppData\Local\Temp\OOH4RIA7895632577480384609.cfg
enc:utf-8
13299 [main] INFO  and2.pr.ProtectedRegionResolverImpl  - Source scan started ...
13592 [main] INFO  and2.pr.ProtectedRegionResolverImpl  - Source scan finished in 0.292s
13592 [main] INFO  and2.pr.ProtectedRegionResolverImpl  - Files scanned: 85
13592 [main] INFO  and2.pr.ProtectedRegionResolverImpl  - Regions found: 5
enc:utf-8
enc:utf-8
enc:utf-8
enc:utf-8
enc:utf-8
enc:utf-8
enc:utf-8
enc:utf-8
enc:utf-8
enc:utf-8
enc:utf-8
enc:utf-8
enc:utf-8
enc:utf-8
enc:utf-8
enc:utf-8
enc:utf-8
enc:utf-8
enc:utf-8
enc:utf-8
enc:utf-8
enc:utf-8
enc:utf-8
enc:utf-8
enc:utf-8
enc:utf-8
enc:utf-8
enc:utf-8
enc:utf-8
enc:utf-8
enc:utf-8
enc:utf-8
enc:utf-8
enc:utf-8
enc:utf-8
enc:utf-8
enc:utf-8
enc:utf-8
enc:utf-8
enc:utf-8
enc:utf-8
enc:utf-8
enc:utf-8
enc:utf-8
enc:utf-8
enc:utf-8
enc:utf-8
enc:utf-8
enc:utf-8
enc:utf-8
enc:utf-8
enc:utf-8
enc:utf-8
enc:utf-8
enc:utf-8
enc:utf-8
enc:utf-8
enc:utf-8
enc:utf-8
enc:utf-8
enc:utf-8
enc:utf-8
enc:utf-8
enc:utf-8
enc:utf-8
enc:utf-8
enc:utf-8
21626 [main] INFO         org.eclipse.xpand2.Generator  - Written 19 files to outlet [default](../GestionVeterinariaGen)
21626 [main] INFO         org.eclipse.xpand2.Generator  - Skipped writing of 72 files to outlet [default](../GestionVeterinariaGen)
21627 [main] INFO  e.core.container.CompositeComponent  - es.ua.dlsi.ooh.persistence.nhibernate.generator.workflowComponents.CreateSolution
21647 [main] INFO  e.core.container.CompositeComponent  - es.ua.dlsi.ooh.persistence.nhibernate.generator.workflowComponents.UpdateSolution
21680 [main] INFO  e.core.container.CompositeComponent  - es.ua.dlsi.ooh.persistence.nhibernate.generator.workflowComponents.CopyDLLs
../GestionVeterinariaGen\GestionVeterinariaGenNHibernate\AppLib\Antlr3.Runtime.dll
../GestionVeterinariaGen\GestionVeterinariaGenNHibernate\AppLib\Castle.DynamicProxy2.dll
../GestionVeterinariaGen\GestionVeterinariaGenNHibernate\AppLib\Iesi.Collections.dll
../GestionVeterinariaGen\GestionVeterinariaGenNHibernate\AppLib\LinFu.DynamicProxy.dll
../GestionVeterinariaGen\GestionVeterinariaGenNHibernate\AppLib\log4net.dll
../GestionVeterinariaGen\GestionVeterinariaGenNHibernate\AppLib\NHibernate.ByteCode.Castle.dll
../GestionVeterinariaGen\GestionVeterinariaGenNHibernate\AppLib\NHibernate.ByteCode.LinFu.dll
../GestionVeterinariaGen\GestionVeterinariaGenNHibernate\AppLib\NHibernate.dll
../GestionVeterinariaGen\GestionVeterinariaGenNHibernate\AppLib\nunit.core.dll
../GestionVeterinariaGen\GestionVeterinariaGenNHibernate\AppLib\nunit.framework.dll
21688 [main] INFO  eclipse.emf.mwe.core.WorkflowEngine  - workflow completed in 10224ms!
0    [main] INFO  eclipse.emf.mwe.core.WorkflowEngine  - --------------------------------------------------------------------------------------
3    [main] INFO  eclipse.emf.mwe.core.WorkflowEngine  - EMF Modeling Workflow Engine 1.2.1, Build v201306110341
3    [main] INFO  eclipse.emf.mwe.core.WorkflowEngine  - (c) 2005-2009 openarchitectureware.org and contributors
3    [main] INFO  eclipse.emf.mwe.core.WorkflowEngine  - --------------------------------------------------------------------------------------
3    [main] INFO  eclipse.emf.mwe.core.WorkflowEngine  - running workflow: C:/Users/admin/Desktop/GestionVeterinaria/templates/workflow/generator.mwe
3    [main] INFO  eclipse.emf.mwe.core.WorkflowEngine  - 
760  [main] INFO  lipse.emf.mwe.utils.StandaloneSetup  - Registering platform uri 'C:\Users\admin\Desktop'
5218 [main] INFO  lipse.emf.mwe.utils.StandaloneSetup  - Adding generated EPackage 'es.ua.dlsi.ooh.conceptualView.ConceptualViewPackage'
5362 [main] INFO  lipse.emf.mwe.utils.StandaloneSetup  - Adding generated EPackage 'org.eclipse.gmf.runtime.notation.NotationPackage'
5656 [main] INFO  e.core.container.CompositeComponent  - Workflow: executing workflow workflow::nhibernate::generator.mwe in C:/Users/admin/Desktop/GestionVeterinaria/templates/workflow/generator.mwe:10
5656 [main] INFO  e.core.container.CompositeComponent  - XmiReader: file 'models/default.domainModel' => slot 'es_ua_dlsi_ooh_conceptual_model'
6100 [main] INFO  e.core.container.CompositeComponent  - CheckComponent: slot es_ua_dlsi_ooh_conceptual_model check file(s): metamodel::Checks 
7066 [main] INFO  e.core.container.CompositeComponent  - Generator(nhibernate.generator): generating 'workflow::nhibernate::workflow::main FOR true' => [../GestionVeterinariaGen, CONFIGURATION:../GestionVeterinariaGen(overwrite=false,append=false,fileEncoding=utf-8)]
configuroConf:C:\Users\admin\AppData\Local\Temp\OOH4RIA5780322859693340801.cfg
enc:utf-8
7580 [main] INFO  and2.pr.ProtectedRegionResolverImpl  - Source scan started ...
7705 [main] INFO  and2.pr.ProtectedRegionResolverImpl  - Source scan finished in 0.124s
7707 [main] INFO  and2.pr.ProtectedRegionResolverImpl  - Files scanned: 85
7708 [main] INFO  and2.pr.ProtectedRegionResolverImpl  - Regions found: 5
enc:utf-8
enc:utf-8
enc:utf-8
enc:utf-8
enc:utf-8
enc:utf-8
enc:utf-8
enc:utf-8
enc:utf-8
enc:utf-8
enc:utf-8
enc:utf-8
enc:utf-8
enc:utf-8
enc:utf-8
enc:utf-8
enc:utf-8
enc:utf-8
enc:utf-8
enc:utf-8
enc:utf-8
enc:utf-8
enc:utf-8
enc:utf-8
enc:utf-8
enc:utf-8
enc:utf-8
enc:utf-8
enc:utf-8
enc:utf-8
enc:utf-8
enc:utf-8
enc:utf-8
enc:utf-8
enc:utf-8
enc:utf-8
enc:utf-8
enc:utf-8
enc:utf-8
enc:utf-8
enc:utf-8
enc:utf-8
enc:utf-8
enc:utf-8
enc:utf-8
enc:utf-8
enc:utf-8
enc:utf-8
enc:utf-8
enc:utf-8
enc:utf-8
enc:utf-8
enc:utf-8
enc:utf-8
enc:utf-8
enc:utf-8
enc:utf-8
enc:utf-8
enc:utf-8
enc:utf-8
enc:utf-8
enc:utf-8
enc:utf-8
enc:utf-8
enc:utf-8
enc:utf-8
enc:utf-8
15179 [main] INFO         org.eclipse.xpand2.Generator  - Skipped writing of 91 files to outlet [default](../GestionVeterinariaGen)
15179 [main] INFO  e.core.container.CompositeComponent  - es.ua.dlsi.ooh.persistence.nhibernate.generator.workflowComponents.CreateSolution
15205 [main] INFO  e.core.container.CompositeComponent  - es.ua.dlsi.ooh.persistence.nhibernate.generator.workflowComponents.UpdateSolution
15230 [main] INFO  e.core.container.CompositeComponent  - es.ua.dlsi.ooh.persistence.nhibernate.generator.workflowComponents.CopyDLLs
../GestionVeterinariaGen\GestionVeterinariaGenNHibernate\AppLib\Antlr3.Runtime.dll
../GestionVeterinariaGen\GestionVeterinariaGenNHibernate\AppLib\Castle.DynamicProxy2.dll
../GestionVeterinariaGen\GestionVeterinariaGenNHibernate\AppLib\Iesi.Collections.dll
../GestionVeterinariaGen\GestionVeterinariaGenNHibernate\AppLib\LinFu.DynamicProxy.dll
../GestionVeterinariaGen\GestionVeterinariaGenNHibernate\AppLib\log4net.dll
../GestionVeterinariaGen\GestionVeterinariaGenNHibernate\AppLib\NHibernate.ByteCode.Castle.dll
../GestionVeterinariaGen\GestionVeterinariaGenNHibernate\AppLib\NHibernate.ByteCode.LinFu.dll
../GestionVeterinariaGen\GestionVeterinariaGenNHibernate\AppLib\NHibernate.dll
../GestionVeterinariaGen\GestionVeterinariaGenNHibernate\AppLib\nunit.core.dll
../GestionVeterinariaGen\GestionVeterinariaGenNHibernate\AppLib\nunit.framework.dll
15240 [main] INFO  eclipse.emf.mwe.core.WorkflowEngine  - workflow completed in 9585ms!
0    [main] INFO  eclipse.emf.mwe.core.WorkflowEngine  - --------------------------------------------------------------------------------------
3    [main] INFO  eclipse.emf.mwe.core.WorkflowEngine  - EMF Modeling Workflow Engine 1.2.1, Build v201306110341
3    [main] INFO  eclipse.emf.mwe.core.WorkflowEngine  - (c) 2005-2009 openarchitectureware.org and contributors
3    [main] INFO  eclipse.emf.mwe.core.WorkflowEngine  - --------------------------------------------------------------------------------------
3    [main] INFO  eclipse.emf.mwe.core.WorkflowEngine  - running workflow: C:/Users/admin/Desktop/GestionVeterinaria/templates/workflow/generator.mwe
3    [main] INFO  eclipse.emf.mwe.core.WorkflowEngine  - 
756  [main] INFO  lipse.emf.mwe.utils.StandaloneSetup  - Registering platform uri 'C:\Users\admin\Desktop'
4862 [main] INFO  lipse.emf.mwe.utils.StandaloneSetup  - Adding generated EPackage 'es.ua.dlsi.ooh.conceptualView.ConceptualViewPackage'
4983 [main] INFO  lipse.emf.mwe.utils.StandaloneSetup  - Adding generated EPackage 'org.eclipse.gmf.runtime.notation.NotationPackage'
5234 [main] INFO  e.core.container.CompositeComponent  - Workflow: executing workflow workflow::nhibernate::generator.mwe in C:/Users/admin/Desktop/GestionVeterinaria/templates/workflow/generator.mwe:10
5236 [main] INFO  e.core.container.CompositeComponent  - XmiReader: file 'models/default.domainModel' => slot 'es_ua_dlsi_ooh_conceptual_model'
5652 [main] INFO  e.core.container.CompositeComponent  - CheckComponent: slot es_ua_dlsi_ooh_conceptual_model check file(s): metamodel::Checks 
6607 [main] INFO  e.core.container.CompositeComponent  - Generator(nhibernate.generator): generating 'workflow::nhibernate::workflow::main FOR true' => [../GestionVeterinariaGen, CONFIGURATION:../GestionVeterinariaGen(overwrite=false,append=false,fileEncoding=utf-8)]
configuroConf:C:\Users\admin\AppData\Local\Temp\OOH4RIA8001383909065334413.cfg
enc:utf-8
6996 [main] INFO  and2.pr.ProtectedRegionResolverImpl  - Source scan started ...
7141 [main] INFO  and2.pr.ProtectedRegionResolverImpl  - Source scan finished in 0.144s
7145 [main] INFO  and2.pr.ProtectedRegionResolverImpl  - Files scanned: 85
7146 [main] INFO  and2.pr.ProtectedRegionResolverImpl  - Regions found: 5
enc:utf-8
enc:utf-8
enc:utf-8
enc:utf-8
enc:utf-8
enc:utf-8
enc:utf-8
enc:utf-8
enc:utf-8
enc:utf-8
enc:utf-8
enc:utf-8
enc:utf-8
enc:utf-8
enc:utf-8
enc:utf-8
enc:utf-8
enc:utf-8
enc:utf-8
enc:utf-8
enc:utf-8
enc:utf-8
enc:utf-8
enc:utf-8
enc:utf-8
enc:utf-8
enc:utf-8
enc:utf-8
enc:utf-8
enc:utf-8
enc:utf-8
enc:utf-8
enc:utf-8
enc:utf-8
enc:utf-8
enc:utf-8
enc:utf-8
enc:utf-8
enc:utf-8
enc:utf-8
enc:utf-8
enc:utf-8
enc:utf-8
enc:utf-8
enc:utf-8
enc:utf-8
enc:utf-8
enc:utf-8
enc:utf-8
enc:utf-8
enc:utf-8
enc:utf-8
enc:utf-8
enc:utf-8
enc:utf-8
enc:utf-8
enc:utf-8
enc:utf-8
enc:utf-8
enc:utf-8
enc:utf-8
enc:utf-8
enc:utf-8
enc:utf-8
enc:utf-8
enc:utf-8
enc:utf-8
16207 [main] INFO         org.eclipse.xpand2.Generator  - Written 12 files to outlet [default](../GestionVeterinariaGen)
16207 [main] INFO         org.eclipse.xpand2.Generator  - Skipped writing of 79 files to outlet [default](../GestionVeterinariaGen)
16207 [main] INFO  e.core.container.CompositeComponent  - es.ua.dlsi.ooh.persistence.nhibernate.generator.workflowComponents.CreateSolution
16237 [main] INFO  e.core.container.CompositeComponent  - es.ua.dlsi.ooh.persistence.nhibernate.generator.workflowComponents.UpdateSolution
16261 [main] INFO  e.core.container.CompositeComponent  - es.ua.dlsi.ooh.persistence.nhibernate.generator.workflowComponents.CopyDLLs
../GestionVeterinariaGen\GestionVeterinariaGenNHibernate\AppLib\Antlr3.Runtime.dll
../GestionVeterinariaGen\GestionVeterinariaGenNHibernate\AppLib\Castle.DynamicProxy2.dll
../GestionVeterinariaGen\GestionVeterinariaGenNHibernate\AppLib\Iesi.Collections.dll
../GestionVeterinariaGen\GestionVeterinariaGenNHibernate\AppLib\LinFu.DynamicProxy.dll
../GestionVeterinariaGen\GestionVeterinariaGenNHibernate\AppLib\log4net.dll
../GestionVeterinariaGen\GestionVeterinariaGenNHibernate\AppLib\NHibernate.ByteCode.Castle.dll
../GestionVeterinariaGen\GestionVeterinariaGenNHibernate\AppLib\NHibernate.ByteCode.LinFu.dll
../GestionVeterinariaGen\GestionVeterinariaGenNHibernate\AppLib\NHibernate.dll
../GestionVeterinariaGen\GestionVeterinariaGenNHibernate\AppLib\nunit.core.dll
../GestionVeterinariaGen\GestionVeterinariaGenNHibernate\AppLib\nunit.framework.dll
16272 [main] INFO  eclipse.emf.mwe.core.WorkflowEngine  - workflow completed in 11040ms!
0    [main] INFO  eclipse.emf.mwe.core.WorkflowEngine  - --------------------------------------------------------------------------------------
4    [main] INFO  eclipse.emf.mwe.core.WorkflowEngine  - EMF Modeling Workflow Engine 1.2.1, Build v201306110341
4    [main] INFO  eclipse.emf.mwe.core.WorkflowEngine  - (c) 2005-2009 openarchitectureware.org and contributors
5    [main] INFO  eclipse.emf.mwe.core.WorkflowEngine  - --------------------------------------------------------------------------------------
5    [main] INFO  eclipse.emf.mwe.core.WorkflowEngine  - running workflow: C:/Users/admin/Desktop/GestionVeterinaria/templates/workflow/generator.mwe
5    [main] INFO  eclipse.emf.mwe.core.WorkflowEngine  - 
763  [main] INFO  lipse.emf.mwe.utils.StandaloneSetup  - Registering platform uri 'C:\Users\admin\Desktop'
4650 [main] INFO  lipse.emf.mwe.utils.StandaloneSetup  - Adding generated EPackage 'es.ua.dlsi.ooh.conceptualView.ConceptualViewPackage'
4767 [main] INFO  lipse.emf.mwe.utils.StandaloneSetup  - Adding generated EPackage 'org.eclipse.gmf.runtime.notation.NotationPackage'
5016 [main] INFO  e.core.container.CompositeComponent  - Workflow: executing workflow workflow::nhibernate::generator.mwe in C:/Users/admin/Desktop/GestionVeterinaria/templates/workflow/generator.mwe:10
5017 [main] INFO  e.core.container.CompositeComponent  - XmiReader: file 'models/default.domainModel' => slot 'es_ua_dlsi_ooh_conceptual_model'
5455 [main] INFO  e.core.container.CompositeComponent  - CheckComponent: slot es_ua_dlsi_ooh_conceptual_model check file(s): metamodel::Checks 
6347 [main] INFO  e.core.container.CompositeComponent  - Generator(nhibernate.generator): generating 'workflow::nhibernate::workflow::main FOR true' => [../GestionVeterinariaGen, CONFIGURATION:../GestionVeterinariaGen(overwrite=false,append=false,fileEncoding=utf-8)]
configuroConf:C:\Users\admin\AppData\Local\Temp\OOH4RIA9159708253123287608.cfg
enc:utf-8
6819 [main] INFO  and2.pr.ProtectedRegionResolverImpl  - Source scan started ...
6938 [main] INFO  and2.pr.ProtectedRegionResolverImpl  - Source scan finished in 0.118s
6939 [main] INFO  and2.pr.ProtectedRegionResolverImpl  - Files scanned: 85
6939 [main] INFO  and2.pr.ProtectedRegionResolverImpl  - Regions found: 5
enc:utf-8
enc:utf-8
enc:utf-8
enc:utf-8
enc:utf-8
enc:utf-8
enc:utf-8
enc:utf-8
enc:utf-8
enc:utf-8
enc:utf-8
enc:utf-8
enc:utf-8
enc:utf-8
enc:utf-8
enc:utf-8
enc:utf-8
enc:utf-8
enc:utf-8
enc:utf-8
enc:utf-8
enc:utf-8
enc:utf-8
enc:utf-8
enc:utf-8
enc:utf-8
enc:utf-8
enc:utf-8
enc:utf-8
enc:utf-8
enc:utf-8
enc:utf-8
enc:utf-8
enc:utf-8
enc:utf-8
enc:utf-8
enc:utf-8
enc:utf-8
enc:utf-8
enc:utf-8
enc:utf-8
enc:utf-8
enc:utf-8
enc:utf-8
enc:utf-8
enc:utf-8
enc:utf-8
enc:utf-8
enc:utf-8
enc:utf-8
enc:utf-8
enc:utf-8
enc:utf-8
enc:utf-8
enc:utf-8
enc:utf-8
enc:utf-8
enc:utf-8
enc:utf-8
enc:utf-8
enc:utf-8
enc:utf-8
enc:utf-8
enc:utf-8
enc:utf-8
enc:utf-8
enc:utf-8
15080 [main] INFO         org.eclipse.xpand2.Generator  - Written 4 files to outlet [default](../GestionVeterinariaGen)
15080 [main] INFO         org.eclipse.xpand2.Generator  - Skipped writing of 87 files to outlet [default](../GestionVeterinariaGen)
15080 [main] INFO  e.core.container.CompositeComponent  - es.ua.dlsi.ooh.persistence.nhibernate.generator.workflowComponents.CreateSolution
15108 [main] INFO  e.core.container.CompositeComponent  - es.ua.dlsi.ooh.persistence.nhibernate.generator.workflowComponents.UpdateSolution
15131 [main] INFO  e.core.container.CompositeComponent  - es.ua.dlsi.ooh.persistence.nhibernate.generator.workflowComponents.CopyDLLs
../GestionVeterinariaGen\GestionVeterinariaGenNHibernate\AppLib\Antlr3.Runtime.dll
../GestionVeterinariaGen\GestionVeterinariaGenNHibernate\AppLib\Castle.DynamicProxy2.dll
../GestionVeterinariaGen\GestionVeterinariaGenNHibernate\AppLib\Iesi.Collections.dll
../GestionVeterinariaGen\GestionVeterinariaGenNHibernate\AppLib\LinFu.DynamicProxy.dll
../GestionVeterinariaGen\GestionVeterinariaGenNHibernate\AppLib\log4net.dll
../GestionVeterinariaGen\GestionVeterinariaGenNHibernate\AppLib\NHibernate.ByteCode.Castle.dll
../GestionVeterinariaGen\GestionVeterinariaGenNHibernate\AppLib\NHibernate.ByteCode.LinFu.dll
../GestionVeterinariaGen\GestionVeterinariaGenNHibernate\AppLib\NHibernate.dll
../GestionVeterinariaGen\GestionVeterinariaGenNHibernate\AppLib\nunit.core.dll
../GestionVeterinariaGen\GestionVeterinariaGenNHibernate\AppLib\nunit.framework.dll
15140 [main] INFO  eclipse.emf.mwe.core.WorkflowEngine  - workflow completed in 10124ms!
1    [main] INFO  eclipse.emf.mwe.core.WorkflowEngine  - --------------------------------------------------------------------------------------
4    [main] INFO  eclipse.emf.mwe.core.WorkflowEngine  - EMF Modeling Workflow Engine 1.2.1, Build v201306110341
4    [main] INFO  eclipse.emf.mwe.core.WorkflowEngine  - (c) 2005-2009 openarchitectureware.org and contributors
4    [main] INFO  eclipse.emf.mwe.core.WorkflowEngine  - --------------------------------------------------------------------------------------
4    [main] INFO  eclipse.emf.mwe.core.WorkflowEngine  - running workflow: C:/Users/admin/Desktop/GestionVeterinaria/templates/workflow/generator.mwe
4    [main] INFO  eclipse.emf.mwe.core.WorkflowEngine  - 
746  [main] INFO  lipse.emf.mwe.utils.StandaloneSetup  - Registering platform uri 'C:\Users\admin\Desktop'
8220 [main] INFO  lipse.emf.mwe.utils.StandaloneSetup  - Adding generated EPackage 'es.ua.dlsi.ooh.conceptualView.ConceptualViewPackage'
9274 [main] INFO  lipse.emf.mwe.utils.StandaloneSetup  - Adding generated EPackage 'org.eclipse.gmf.runtime.notation.NotationPackage'
10344 [main] INFO  e.core.container.CompositeComponent  - Workflow: executing workflow workflow::nhibernate::generator.mwe in C:/Users/admin/Desktop/GestionVeterinaria/templates/workflow/generator.mwe:10
10344 [main] INFO  e.core.container.CompositeComponent  - XmiReader: file 'models/default.domainModel' => slot 'es_ua_dlsi_ooh_conceptual_model'
10813 [main] INFO  e.core.container.CompositeComponent  - CheckComponent: slot es_ua_dlsi_ooh_conceptual_model check file(s): metamodel::Checks 
11847 [main] INFO  e.core.container.CompositeComponent  - Generator(nhibernate.generator): generating 'workflow::nhibernate::workflow::main FOR true' => [../GestionVeterinariaGen, CONFIGURATION:../GestionVeterinariaGen(overwrite=false,append=false,fileEncoding=utf-8)]
configuroConf:C:\Users\admin\AppData\Local\Temp\OOH4RIA6844166557297138793.cfg
enc:utf-8
12220 [main] INFO  and2.pr.ProtectedRegionResolverImpl  - Source scan started ...
12346 [main] INFO  and2.pr.ProtectedRegionResolverImpl  - Source scan finished in 0.124s
12347 [main] INFO  and2.pr.ProtectedRegionResolverImpl  - Files scanned: 85
12348 [main] INFO  and2.pr.ProtectedRegionResolverImpl  - Regions found: 5
enc:utf-8
enc:utf-8
enc:utf-8
enc:utf-8
enc:utf-8
enc:utf-8
enc:utf-8
enc:utf-8
enc:utf-8
enc:utf-8
enc:utf-8
enc:utf-8
enc:utf-8
enc:utf-8
enc:utf-8
enc:utf-8
enc:utf-8
enc:utf-8
enc:utf-8
enc:utf-8
enc:utf-8
enc:utf-8
enc:utf-8
enc:utf-8
enc:utf-8
enc:utf-8
enc:utf-8
enc:utf-8
enc:utf-8
enc:utf-8
enc:utf-8
enc:utf-8
enc:utf-8
enc:utf-8
enc:utf-8
enc:utf-8
enc:utf-8
enc:utf-8
enc:utf-8
enc:utf-8
enc:utf-8
enc:utf-8
enc:utf-8
enc:utf-8
enc:utf-8
enc:utf-8
enc:utf-8
enc:utf-8
enc:utf-8
enc:utf-8
enc:utf-8
enc:utf-8
enc:utf-8
enc:utf-8
enc:utf-8
enc:utf-8
enc:utf-8
enc:utf-8
enc:utf-8
enc:utf-8
enc:utf-8
enc:utf-8
enc:utf-8
enc:utf-8
enc:utf-8
enc:utf-8
enc:utf-8
22762 [main] INFO         org.eclipse.xpand2.Generator  - Written 4 files to outlet [default](../GestionVeterinariaGen)
22762 [main] INFO         org.eclipse.xpand2.Generator  - Skipped writing of 87 files to outlet [default](../GestionVeterinariaGen)
22762 [main] INFO  e.core.container.CompositeComponent  - es.ua.dlsi.ooh.persistence.nhibernate.generator.workflowComponents.CreateSolution
22784 [main] INFO  e.core.container.CompositeComponent  - es.ua.dlsi.ooh.persistence.nhibernate.generator.workflowComponents.UpdateSolution
22814 [main] INFO  e.core.container.CompositeComponent  - es.ua.dlsi.ooh.persistence.nhibernate.generator.workflowComponents.CopyDLLs
../GestionVeterinariaGen\GestionVeterinariaGenNHibernate\AppLib\Antlr3.Runtime.dll
../GestionVeterinariaGen\GestionVeterinariaGenNHibernate\AppLib\Castle.DynamicProxy2.dll
../GestionVeterinariaGen\GestionVeterinariaGenNHibernate\AppLib\Iesi.Collections.dll
../GestionVeterinariaGen\GestionVeterinariaGenNHibernate\AppLib\LinFu.DynamicProxy.dll
../GestionVeterinariaGen\GestionVeterinariaGenNHibernate\AppLib\log4net.dll
../GestionVeterinariaGen\GestionVeterinariaGenNHibernate\AppLib\NHibernate.ByteCode.Castle.dll
../GestionVeterinariaGen\GestionVeterinariaGenNHibernate\AppLib\NHibernate.ByteCode.LinFu.dll
../GestionVeterinariaGen\GestionVeterinariaGenNHibernate\AppLib\NHibernate.dll
../GestionVeterinariaGen\GestionVeterinariaGenNHibernate\AppLib\nunit.core.dll
../GestionVeterinariaGen\GestionVeterinariaGenNHibernate\AppLib\nunit.framework.dll
22827 [main] INFO  eclipse.emf.mwe.core.WorkflowEngine  - workflow completed in 12485ms!
0    [main] INFO  eclipse.emf.mwe.core.WorkflowEngine  - --------------------------------------------------------------------------------------
9    [main] INFO  eclipse.emf.mwe.core.WorkflowEngine  - EMF Modeling Workflow Engine 1.2.1, Build v201306110341
9    [main] INFO  eclipse.emf.mwe.core.WorkflowEngine  - (c) 2005-2009 openarchitectureware.org and contributors
10   [main] INFO  eclipse.emf.mwe.core.WorkflowEngine  - --------------------------------------------------------------------------------------
10   [main] INFO  eclipse.emf.mwe.core.WorkflowEngine  - running workflow: C:/Users/admin/Desktop/GestionVeterinaria/templates/workflow/generator.mwe
10   [main] INFO  eclipse.emf.mwe.core.WorkflowEngine  - 
889  [main] INFO  lipse.emf.mwe.utils.StandaloneSetup  - Registering platform uri 'C:\Users\admin\Desktop'
6451 [main] INFO  lipse.emf.mwe.utils.StandaloneSetup  - Adding generated EPackage 'es.ua.dlsi.ooh.conceptualView.ConceptualViewPackage'
6678 [main] INFO  lipse.emf.mwe.utils.StandaloneSetup  - Adding generated EPackage 'org.eclipse.gmf.runtime.notation.NotationPackage'
6937 [main] INFO  e.core.container.CompositeComponent  - Workflow: executing workflow workflow::nhibernate::generator.mwe in C:/Users/admin/Desktop/GestionVeterinaria/templates/workflow/generator.mwe:10
6937 [main] INFO  e.core.container.CompositeComponent  - XmiReader: file 'models/default.domainModel' => slot 'es_ua_dlsi_ooh_conceptual_model'
7418 [main] INFO  e.core.container.CompositeComponent  - CheckComponent: slot es_ua_dlsi_ooh_conceptual_model check file(s): metamodel::Checks 
8631 [main] INFO  e.core.container.CompositeComponent  - Generator(nhibernate.generator): generating 'workflow::nhibernate::workflow::main FOR true' => [../GestionVeterinariaGen, CONFIGURATION:../GestionVeterinariaGen(overwrite=false,append=false,fileEncoding=utf-8)]
configuroConf:C:\Users\admin\AppData\Local\Temp\OOH4RIA5557911952316646762.cfg
enc:utf-8
8997 [main] INFO  and2.pr.ProtectedRegionResolverImpl  - Source scan started ...
9103 [main] INFO  and2.pr.ProtectedRegionResolverImpl  - Source scan finished in 0.104s
9104 [main] INFO  and2.pr.ProtectedRegionResolverImpl  - Files scanned: 85
9104 [main] INFO  and2.pr.ProtectedRegionResolverImpl  - Regions found: 5
enc:utf-8
enc:utf-8
enc:utf-8
enc:utf-8
enc:utf-8
enc:utf-8
enc:utf-8
enc:utf-8
enc:utf-8
enc:utf-8
enc:utf-8
enc:utf-8
enc:utf-8
enc:utf-8
enc:utf-8
enc:utf-8
enc:utf-8
enc:utf-8
enc:utf-8
enc:utf-8
enc:utf-8
enc:utf-8
enc:utf-8
enc:utf-8
enc:utf-8
enc:utf-8
enc:utf-8
enc:utf-8
enc:utf-8
enc:utf-8
enc:utf-8
enc:utf-8
enc:utf-8
enc:utf-8
enc:utf-8
enc:utf-8
enc:utf-8
enc:utf-8
enc:utf-8
enc:utf-8
enc:utf-8
enc:utf-8
enc:utf-8
enc:utf-8
enc:utf-8
enc:utf-8
enc:utf-8
enc:utf-8
enc:utf-8
enc:utf-8
enc:utf-8
enc:utf-8
enc:utf-8
enc:utf-8
enc:utf-8
enc:utf-8
enc:utf-8
enc:utf-8
enc:utf-8
enc:utf-8
enc:utf-8
enc:utf-8
enc:utf-8
16586 [main] INFO         org.eclipse.xpand2.Generator  - Written 28 files to outlet [default](../GestionVeterinariaGen)
16586 [main] INFO         org.eclipse.xpand2.Generator  - Skipped writing of 58 files to outlet [default](../GestionVeterinariaGen)
16586 [main] INFO  e.core.container.CompositeComponent  - es.ua.dlsi.ooh.persistence.nhibernate.generator.workflowComponents.CreateSolution
16616 [main] INFO  e.core.container.CompositeComponent  - es.ua.dlsi.ooh.persistence.nhibernate.generator.workflowComponents.UpdateSolution
16647 [main] INFO  e.core.container.CompositeComponent  - es.ua.dlsi.ooh.persistence.nhibernate.generator.workflowComponents.CopyDLLs
../GestionVeterinariaGen\GestionVeterinariaGenNHibernate\AppLib\Antlr3.Runtime.dll
../GestionVeterinariaGen\GestionVeterinariaGenNHibernate\AppLib\Castle.DynamicProxy2.dll
../GestionVeterinariaGen\GestionVeterinariaGenNHibernate\AppLib\Iesi.Collections.dll
../GestionVeterinariaGen\GestionVeterinariaGenNHibernate\AppLib\LinFu.DynamicProxy.dll
../GestionVeterinariaGen\GestionVeterinariaGenNHibernate\AppLib\log4net.dll
../GestionVeterinariaGen\GestionVeterinariaGenNHibernate\AppLib\NHibernate.ByteCode.Castle.dll
../GestionVeterinariaGen\GestionVeterinariaGenNHibernate\AppLib\NHibernate.ByteCode.LinFu.dll
../GestionVeterinariaGen\GestionVeterinariaGenNHibernate\AppLib\NHibernate.dll
../GestionVeterinariaGen\GestionVeterinariaGenNHibernate\AppLib\nunit.core.dll
../GestionVeterinariaGen\GestionVeterinariaGenNHibernate\AppLib\nunit.framework.dll
16656 [main] INFO  eclipse.emf.mwe.core.WorkflowEngine  - workflow completed in 9721ms!
