0    [main] INFO  eclipse.emf.mwe.core.WorkflowEngine  - --------------------------------------------------------------------------------------
2    [main] INFO  eclipse.emf.mwe.core.WorkflowEngine  - EMF Modeling Workflow Engine 1.2.1, Build v201306110341
3    [main] INFO  eclipse.emf.mwe.core.WorkflowEngine  - (c) 2005-2009 openarchitectureware.org and contributors
3    [main] INFO  eclipse.emf.mwe.core.WorkflowEngine  - --------------------------------------------------------------------------------------
3    [main] INFO  eclipse.emf.mwe.core.WorkflowEngine  - running workflow: C:/Users/admin/Desktop/work/PracticaGrupo/templates/workflow/generatorXtext.mwe
3    [main] INFO  eclipse.emf.mwe.core.WorkflowEngine  - 
942  [main] INFO  lipse.emf.mwe.utils.StandaloneSetup  - Registering platform uri 'C:\Users\admin\Desktop\work'
1170 [main] INFO  lipse.emf.mwe.utils.StandaloneSetup  - Adding generated EPackage 'es.ua.dlsi.ooh.conceptualView.ConceptualViewPackage'
1423 [main] INFO  lipse.emf.mwe.utils.StandaloneSetup  - Adding generated EPackage 'org.eclipse.gmf.runtime.notation.NotationPackage'
1450 [main] INFO  lipse.emf.mwe.utils.StandaloneSetup  - Adding generated EPackage 'es.ua.dlsi.ooh.conceptualView.xtext.conceptualText.ConceptualTextPackage'
3365 [main] INFO  e.core.container.CompositeComponent  - Workflow: executing workflow es::ua::dlsi::ooh::conceptualview::generator::xtext::m2m::generatorXtext.mwe in C:/Users/admin/Desktop/work/PracticaGrupo/templates/workflow/generatorXtext.mwe:10
3365 [main] INFO  e.core.container.CompositeComponent  - UriBasedReader
4413 [main] INFO  e.core.container.CompositeComponent  - Text2VisualGenerator
4520 [main] INFO  e.core.container.CompositeComponent  - Generator(nhibernate.generator): generating 'workflow::nhibernate::workflow::main FOR true' => [../PracticaGrupoGen, CONFIGURATION:../PracticaGrupoGen(overwrite=false,append=false,fileEncoding=utf-8)]
configuroConf:C:\Users\admin\AppData\Local\Temp\OOH4RIA238187145322830327.cfg
enc:utf-8
5547 [main] INFO  and2.pr.ProtectedRegionResolverImpl  - Source scan started ...
5554 [main] INFO  and2.pr.ProtectedRegionResolverImpl  - Source scan finished in 0.007s
5554 [main] INFO  and2.pr.ProtectedRegionResolverImpl  - Files scanned: 4
5555 [main] INFO  and2.pr.ProtectedRegionResolverImpl  - Regions found: 0
enc:utf-8
enc:utf-8
enc:utf-8
enc:utf-8
enc:utf-8
enc:utf-8
enc:utf-8
enc:utf-8
enc:utf-8
enc:utf-8
enc:utf-8
enc:utf-8
enc:utf-8
enc:utf-8
enc:utf-8
enc:utf-8
enc:utf-8
enc:utf-8
enc:utf-8
enc:utf-8
enc:utf-8
enc:utf-8
enc:utf-8
enc:utf-8
enc:utf-8
enc:utf-8
enc:utf-8
enc:utf-8
enc:utf-8
enc:utf-8
enc:utf-8
enc:utf-8
enc:utf-8
enc:utf-8
enc:utf-8
enc:utf-8
9264 [main] INFO         org.eclipse.xpand2.Generator  - Written 52 files to outlet [default](../PracticaGrupoGen)
9264 [main] INFO         org.eclipse.xpand2.Generator  - Skipped writing of 1 files to outlet [default](../PracticaGrupoGen)
9264 [main] INFO  e.core.container.CompositeComponent  - es.ua.dlsi.ooh.persistence.nhibernate.generator.workflowComponents.CreateSolution
9304 [main] INFO  e.core.container.CompositeComponent  - es.ua.dlsi.ooh.persistence.nhibernate.generator.workflowComponents.UpdateSolution
9333 [main] INFO  e.core.container.CompositeComponent  - es.ua.dlsi.ooh.persistence.nhibernate.generator.workflowComponents.CopyDLLs
../PracticaGrupoGen\PracticaGrupoGenNHibernate\AppLib\Antlr3.Runtime.dll
../PracticaGrupoGen\PracticaGrupoGenNHibernate\AppLib\Castle.DynamicProxy2.dll
../PracticaGrupoGen\PracticaGrupoGenNHibernate\AppLib\Iesi.Collections.dll
../PracticaGrupoGen\PracticaGrupoGenNHibernate\AppLib\LinFu.DynamicProxy.dll
../PracticaGrupoGen\PracticaGrupoGenNHibernate\AppLib\log4net.dll
../PracticaGrupoGen\PracticaGrupoGenNHibernate\AppLib\NHibernate.ByteCode.Castle.dll
../PracticaGrupoGen\PracticaGrupoGenNHibernate\AppLib\NHibernate.ByteCode.LinFu.dll
../PracticaGrupoGen\PracticaGrupoGenNHibernate\AppLib\NHibernate.dll
../PracticaGrupoGen\PracticaGrupoGenNHibernate\AppLib\nunit.core.dll
../PracticaGrupoGen\PracticaGrupoGenNHibernate\AppLib\nunit.framework.dll
9410 [main] INFO  eclipse.emf.mwe.core.WorkflowEngine  - workflow completed in 6047ms!
